<?xml version="1.0" encoding="UTF-8" ?>
<testsuites>
<testsuite name="Math from file Test with mock fs" errors="0" tests="1" failures="0" time="0.002" timestamp="2016-09-13T17:06:52">
  <testcase classname="Math from file Test with mock fs" name="tests add" time="0.002"></testcase>
</testsuite>
</testsuites>