<?xml version="1.0" encoding="UTF-8" ?>
<testsuites>
<testsuite name="Math from file Test" errors="0" tests="1" failures="0" time="0" timestamp="2016-09-13T17:06:52">
  <testcase classname="Math from file Test" name="tests add" time="0"></testcase>
</testsuite>
</testsuites>