<?xml version="1.0" encoding="UTF-8" ?>
<testsuites>
<testsuite name="Math Callback" errors="0" tests="4" failures="0" time="0.015" timestamp="2016-09-13T23:21:25">
  <testcase classname="Math Callback" name="pass file name" time="0.015"></testcase>
  <testcase classname="Math Callback" name="pass values" time="0"></testcase>
  <testcase classname="Math Callback" name="use spy to track method call" time="0"></testcase>
  <testcase classname="Math Callback" name="use spy to return mock data" time="0"></testcase>
</testsuite>
</testsuites>