<?xml version="1.0" encoding="UTF-8" ?>
<testsuites>
<testsuite name="Math from file Test with mock fs" errors="0" tests="1" failures="0" time="0" timestamp="2016-09-13T23:21:25">
  <testcase classname="Math from file Test with mock fs" name="tests add" time="0"></testcase>
</testsuite>
</testsuites>